<?xml version="1.0" encoding="UTF-8"?>
<!-- Generated by org.testng.reporters.JUnitReportReporter -->
<testsuite hostname="STEPHEN-ADEBANJI" failures="0" tests="1" name="DeleteAdmin" time="22.866" errors="0" timestamp="2023-09-10T18:07:15 BST" skipped="0">
  <testcase classname="DeleteAdmin" name="EditEmployeeTest" time="22.866"/>
</testsuite> <!-- DeleteAdmin -->
