<?xml version="1.0" encoding="UTF-8"?>
<!-- Generated by org.testng.reporters.JUnitReportReporter -->
<testsuite hostname="STEPHEN-ADEBANJI" failures="0" tests="1" name="EditEmployee" time="27.325" errors="0" timestamp="2023-09-10T18:08:43 BST" skipped="0">
  <testcase classname="EditEmployee" name="EditEmployeeTest" time="27.325"/>
</testsuite> <!-- EditEmployee -->
