<?xml version="1.0" encoding="UTF-8"?>
<!-- Generated by org.testng.reporters.JUnitReportReporter -->
<testsuite hostname="STEPHEN-ADEBANJI" failures="0" tests="1" name="DeleteEmployee" time="23.285" errors="0" timestamp="2023-09-10T18:10:44 BST" skipped="0">
  <testcase classname="DeleteEmployee" name="DeleteEmployeeTest" time="23.285"/>
</testsuite> <!-- DeleteEmployee -->
