<?xml version="1.0" encoding="UTF-8"?>
<!-- Generated by org.testng.reporters.JUnitReportReporter -->
<testsuite hostname="STEPHEN-ADEBANJI" failures="0" tests="1" name="seamlessHR.EditEmployee" time="23.937" errors="0" timestamp="2023-09-10T19:39:51 BST" skipped="0">
  <testcase classname="seamlessHR.EditEmployee" name="EditEmployeeTest" time="23.937"/>
</testsuite> <!-- seamlessHR.EditEmployee -->
