<?xml version="1.0" encoding="UTF-8"?>
<!-- Generated by org.testng.reporters.JUnitReportReporter -->
<testsuite hostname="STEPHEN-ADEBANJI" failures="0" tests="1" name="AddEmployee" time="26.623" errors="0" timestamp="2023-09-10T18:07:58 BST" skipped="0">
  <testcase classname="AddEmployee" name="AddEmployeeTest" time="26.623"/>
</testsuite> <!-- AddEmployee -->
