<?xml version="1.0" encoding="UTF-8"?>
<!-- Generated by org.testng.reporters.JUnitReportReporter -->
<testsuite hostname="STEPHEN-ADEBANJI" failures="0" tests="1" name="seamlessHR.AddEmployee" time="24.263" errors="0" timestamp="2023-09-10T19:39:51 BST" skipped="0">
  <testcase classname="seamlessHR.AddEmployee" name="AddEmployeeTest" time="24.263"/>
</testsuite> <!-- seamlessHR.AddEmployee -->
