<?xml version="1.0" encoding="UTF-8"?>
<!-- Generated by org.testng.reporters.JUnitReportReporter -->
<testsuite hostname="STEPHEN-ADEBANJI" failures="0" tests="1" name="seamlessHR.DeleteEmployee" time="24.481" errors="0" timestamp="2023-09-10T19:44:32 BST" skipped="0">
  <testcase classname="seamlessHR.DeleteEmployee" name="DeleteEmployeeTest" time="24.481"/>
</testsuite> <!-- seamlessHR.DeleteEmployee -->
