<?xml version="1.0" encoding="UTF-8"?>
<!-- Generated by org.testng.reporters.JUnitReportReporter -->
<testsuite hostname="STEPHEN-ADEBANJI" failures="0" tests="1" name="seamlessHR.EditAdmin" time="33.133" errors="0" timestamp="2023-09-10T20:05:40 BST" skipped="0">
  <testcase classname="seamlessHR.EditAdmin" name="EditEmployeeTest" time="33.133"/>
</testsuite> <!-- seamlessHR.EditAdmin -->
