<?xml version="1.0" encoding="UTF-8"?>
<!-- Generated by org.testng.reporters.JUnitReportReporter -->
<testsuite hostname="STEPHEN-ADEBANJI" failures="0" tests="1" name="EditAdmin" time="31.212" errors="0" timestamp="2023-09-10T18:06:42 BST" skipped="0">
  <testcase classname="EditAdmin" name="EditEmployeeTest" time="31.212"/>
</testsuite> <!-- EditAdmin -->
