<?xml version="1.0" encoding="UTF-8"?>
<!-- Generated by org.testng.reporters.JUnitReportReporter -->
<testsuite hostname="STEPHEN-ADEBANJI" failures="0" tests="1" name="AddAdmin" time="29.771" errors="0" timestamp="2023-09-10T18:05:56 BST" skipped="0">
  <testcase classname="AddAdmin" name="SeamlessHRTestQuestion1" time="29.771"/>
</testsuite> <!-- AddAdmin -->
